# JRE version: OpenJDK Runtime Environment (11.0.11+9) (build 11.0.11+9-Ubuntu-0ubuntu2.20.04)
# Java VM: OpenJDK 64-Bit Server VM (11.0.11+9-Ubuntu-0ubuntu2.20.04, mixed mode, tiered, compressed oops, g1 gc, linux-amd64)
Heap:
 garbage-first heap   total 94208K, used 19209K [0x00000000a4c00000, 0x0000000100000000)
  region size 1024K, 11 young (11264K), 2 survivors (2048K)
 Metaspace       used 24455K, capacity 25256K, committed 25472K, reserved 1071104K
  class space    used 2863K, capacity 3157K, committed 3200K, reserved 1048576K
GC Heap History (6 events):
Event: 2,293 GC heap before
{Heap before GC invocations=0 (full 0):
 garbage-first heap   total 94208K, used 14336K [0x00000000a4c00000, 0x0000000100000000)
  region size 1024K, 14 young (14336K), 0 survivors (0K)
 Metaspace       used 11669K, capacity 11949K, committed 12032K, reserved 1060864K
  class space    used 1133K, capacity 1238K, committed 1280K, reserved 1048576K
}
Event: 2,337 GC heap after
{Heap after GC invocations=1 (full 0):
 garbage-first heap   total 94208K, used 2711K [0x00000000a4c00000, 0x0000000100000000)
  region size 1024K, 2 young (2048K), 2 survivors (2048K)
 Metaspace       used 11669K, capacity 11949K, committed 12032K, reserved 1060864K
  class space    used 1133K, capacity 1238K, committed 1280K, reserved 1048576K
}
Event: 5,407 GC heap before
{Heap before GC invocations=1 (full 0):
 garbage-first heap   total 94208K, used 30359K [0x00000000a4c00000, 0x0000000100000000)
  region size 1024K, 31 young (31744K), 2 survivors (2048K)
 Metaspace       used 20391K, capacity 20996K, committed 21248K, reserved 1069056K
  class space    used 2339K, capacity 2559K, committed 2560K, reserved 1048576K
}
Event: 5,477 GC heap after
{Heap after GC invocations=2 (full 0):
 garbage-first heap   total 94208K, used 7168K [0x00000000a4c00000, 0x0000000100000000)
  region size 1024K, 7 young (7168K), 7 survivors (7168K)
 Metaspace       used 20391K, capacity 20996K, committed 21248K, reserved 1069056K
  class space    used 2339K, capacity 2559K, committed 2560K, reserved 1048576K
}
Event: 6,118 GC heap before
{Heap before GC invocations=3 (full 0):
 garbage-first heap   total 94208K, used 16384K [0x00000000a4c00000, 0x0000000100000000)
  region size 1024K, 16 young (16384K), 7 survivors (7168K)
 Metaspace       used 22859K, capacity 23549K, committed 23808K, reserved 1071104K
  class space    used 2696K, capacity 2971K, committed 3072K, reserved 1048576K
}
Event: 6,145 GC heap after
{Heap after GC invocations=4 (full 0):
 garbage-first heap   total 94208K, used 8969K [0x00000000a4c00000, 0x0000000100000000)
  region size 1024K, 2 young (2048K), 2 survivors (2048K)
 Metaspace       used 22859K, capacity 23549K, committed 23808K, reserved 1071104K
  class space    used 2696K, capacity 2971K, committed 3072K, reserved 1048576K
}

